<?xml version="1.0" encoding="UTF-8"?>
<!-- Generated by org.testng.reporters.JUnitReportReporter -->
<testsuite hostname="Santoshs-MacBook-Air.local" failures="0" tests="4" name="api.test.UserTests" time="7.699" errors="0" timestamp="2024-11-17T17:14:08 IST" skipped="0">
  <testcase classname="api.test.UserTests" name="testPostUser" time="1.921"/>
  <system-out/>
  <testcase classname="api.test.UserTests" name="testGetUserByName" time="1.491"/>
  <system-out/>
  <testcase classname="api.test.UserTests" name="testUpdateUserByName" time="2.858"/>
  <system-out/>
  <testcase classname="api.test.UserTests" name="testDeleteUserByName" time="1.429"/>
  <system-out/>
</testsuite> <!-- api.test.UserTests -->
