<?xml version="1.0" encoding="UTF-8"?>
<!-- Generated by org.testng.reporters.JUnitReportReporter -->
<testsuite hostname="Santoshs-MacBook-Air.local" failures="0" tests="6" name="api.test.DDTests" time="9.097" errors="0" timestamp="2024-11-17T16:58:00 IST" skipped="0">
  <testcase classname="api.test.DDTests" name="testPostuser" time="1.199"/>
  <system-out/>
  <testcase classname="api.test.DDTests" name="testPostuser" time="1.531"/>
  <system-out/>
  <testcase classname="api.test.DDTests" name="testPostuser" time="1.917"/>
  <system-out/>
  <testcase classname="api.test.DDTests" name="testDeleteUserByName" time="1.532"/>
  <system-out/>
  <testcase classname="api.test.DDTests" name="testDeleteUserByName" time="1.512"/>
  <system-out/>
  <testcase classname="api.test.DDTests" name="testDeleteUserByName" time="1.406"/>
  <system-out/>
</testsuite> <!-- api.test.DDTests -->
