<?xml version="1.0" encoding="UTF-8"?>
<!-- Generated by org.testng.reporters.JUnitReportReporter -->
<testsuite hostname="Santoshs-MacBook-Air.local" failures="0" tests="4" name="api.test.UserTests2" time="8.279" errors="0" timestamp="2024-11-18T11:55:33 IST" skipped="0">
  <testcase classname="api.test.UserTests2" name="testPostUser" time="2.187"/>
  <system-out/>
  <testcase classname="api.test.UserTests2" name="testGetUserByName" time="1.589"/>
  <system-out/>
  <testcase classname="api.test.UserTests2" name="testUpdateUserByName" time="3.067"/>
  <system-out/>
  <testcase classname="api.test.UserTests2" name="testDeleteUserByName" time="1.436"/>
  <system-out/>
</testsuite> <!-- api.test.UserTests2 -->
