<?xml version="1.0" encoding="UTF-8"?>
<!-- Generated by org.testng.reporters.JUnitReportReporter -->
<testsuite hostname="Santoshs-MacBook-Air.local" failures="0" tests="4" name="api.test.UserTests2" time="9.823" errors="0" timestamp="2024-11-19T17:11:37 IST" skipped="0">
  <testcase classname="api.test.UserTests2" name="testPostUser" time="3.137"/>
  <system-out/>
  <testcase classname="api.test.UserTests2" name="testGetUserByName" time="1.524"/>
  <system-out/>
  <testcase classname="api.test.UserTests2" name="testUpdateUserByName" time="3.531"/>
  <system-out/>
  <testcase classname="api.test.UserTests2" name="testDeleteUserByName" time="1.631"/>
  <system-out/>
</testsuite> <!-- api.test.UserTests2 -->
